Arguments: 
  C:\PROGRA~1\nodejs\node.exe C:\PROGRA~2\Yarn\bin\yarn.js add axios body-parser cached-parser

PATH: 
  C:\Program Files (x86)\Common Files\Oracle\Java\javapath;C:\ProgramData\Oracle\Java\javapath;C:\Program Files\Haskell Platform\8.2.1\lib\extralibs\bin;C:\Program Files\Haskell Platform\8.2.1\bin;C:\ANACON~1;C:\Anaconda3\Library\mingw-w64\bin;C:\Anaconda3\Library\usr\bin;C:\ANACON~1\Library\bin;C:\ANACON~1\Scripts;C:\PROGRA~2\MICROS~2\Azure\CLI2\wbin;C:\PROGRA~1\NVIDIA~2\CUDA\v8.0\bin;C:\PROGRA~1\NVIDIA~2\CUDA\v8.0\libnvvp;C:\PROGRA~3\Oracle\Java\javapath;C:\PROGRA~2\Intel\ICLSCL~1\;C:\PROGRA~1\Intel\ICLSCL~1\;C:\Windows\system32;C:\Windows;C:\Windows\System32\Wbem;C:\Windows\System32\WINDOW~1\v1.0\;C:\PROGRA~2\Intel\INTEL(~3\DAL;C:\PROGRA~1\Intel\INTEL(~2\DAL;C:\PROGRA~2\Intel\INTEL(~3\IPT;C:\PROGRA~1\Intel\INTEL(~2\IPT;C:\PROGRA~2\NVIDIA~1\PhysX\Common;C:\TDM-GC~1\bin;C:\PROGRA~2\GtkSharp\2.12\bin;C:\Users\thienbui\AppData\Local\Programs\Python\Python35\Scripts\;C:\Users\thienbui\AppData\Local\Programs\Python\Python35\;C:\PROGRA~1\Java\JDK18~1.0_9\bin;C:\PROGRA~1\MongoDB\Server\3.2\bin;C:\Users\thienbui\AppData\Local\Android\sdk\PLATFO~1;C:\Users\thienbui\AppData\Local\Android\sdk\tools;C:\PROGRA~2\Pandoc\;C:\PROGRA~1\MIKTEX~1.9\miktex\bin\x64\;C:\APACHE~1.7\bin;C:\PROGRA~2\sbt\bin;C:\PROGRA~2\WI3CF2~1\8.1\WINDOW~1\;C:\PROGRA~1\Git\cmd;C:\PROGRA~2\WIC4A1~1\Shared;C:\PROGRA~1\Amazon\AWSCLI\;C:\PROGRA~1\GITLFS~1;C:\PHANTO~1.1-W\bin;C:\PROGRA~2\BITVIS~1;C:\PROGRA~2\Skype\Phone\;C:\PROGRA~1\HDF_GR~1\HDF5\110~1.1\bin\;C:\PROGRA~1\CMake\bin;C:\PROGRA~2\MIB467~1\1.0\;C:\PROGRA~2\Yarn\bin;C:\PROGRA~1\Intel\WiFi\bin\;C:\PROGRA~1\COMMON~1\Intel\WIRELE~1\;C:\PROGRA~1\nodejs\;C:\Go\bin;C:\Program Files\Haskell Platform\8.2.1\mingw\bin;C:\WINDOWS\system32;C:\WINDOWS;C:\WINDOWS\System32\Wbem;C:\WINDOWS\System32\WindowsPowerShell\v1.0\;C:\Program Files\MiKTeX 2.9\miktex\bin\x64\;C:\Program Files (x86)\Pandoc\;C:\PostgreSQL\pg10\bin;C:\Program Files\dotnet\;C:\Program Files\Microsoft SQL Server\130\Tools\Binn\;C:\WINDOWS\System32\OpenSSH\;C:\Program Files (x86)\Bitvise SSH Client;C:\Program Files (x86)\Yarn\bin\;C:\Program Files\Git\cmd;C:\Program Files\Git\mingw64\bin;C:\Program Files\Git\usr\bin;C:\Program Files\Microsoft VS Code\bin;C:\Program Files\nodejs\;C:\Users\thienbui\flutter\bin;C:\Users\thienbui\AppData\Roaming\cabal\bin;C:\RUBY22~1\bin;C:\Users\thienbui\AppData\Local\Microsoft\WindowsApps;C:\PROGRA~2\CHROME~1;C:\PROGRA~2\MICROS~1.0\VC\bin;C:\opencv\build\x64\vc14\bin;C:\WXWIDG~1.0;C:\PROGRA~1\Heroku\bin;C:\PROGRA~1\Intel\WiFi\bin\;C:\PROGRA~1\COMMON~1\Intel\WIRELE~1\;C:\msys64\usr\bin;C:\Users\thienbui\AppData\Roaming\Python\Python35\Scripts;C:\Program Files\Microsoft VS Code\bin;C:\Users\thienbui\Documents\GitHub\Go-workspace\bin;C:\Users\thienbui\AppData\Local\Yarn\bin;C:\Users\thienbui\AppData\Roaming\npm

Yarn version: 
  1.7.0

Node version: 
  8.11.3

Platform: 
  win32 x64

Trace: 
  Error: https://registry.yarnpkg.com/cached-parser: Not found
      at Request.params.callback [as _callback] (C:\PROGRA~2\Yarn\lib\cli.js:65656:18)
      at Request.self.callback (C:\PROGRA~2\Yarn\lib\cli.js:134675:22)
      at emitTwo (events.js:126:13)
      at Request.emit (events.js:214:7)
      at Request.<anonymous> (C:\PROGRA~2\Yarn\lib\cli.js:135658:10)
      at emitOne (events.js:116:13)
      at Request.emit (events.js:211:7)
      at IncomingMessage.<anonymous> (C:\PROGRA~2\Yarn\lib\cli.js:135578:12)
      at Object.onceWrapper (events.js:313:30)
      at emitNone (events.js:111:20)

npm manifest: 
  {
      "name": "backend",
      "version": "1.0.0",
      "description": "",
      "main": "index.js",
      "scripts": {
          "test": "echo \"Error: no test specified\" && exit 1"
      },
      "author": "",
      "license": "ISC",
      "dependencies": {
          "express": "^4.16.3",
          "mongoose": "^5.2.6"
      }
  }

yarn manifest: 
  No manifest

Lockfile: 
  No lockfile
